E:\大三下\C程\Contactsinfo\Contactsinfo\Debug\cl.command.1.tlog
E:\大三下\C程\Contactsinfo\Contactsinfo\Debug\CL.read.1.tlog
E:\大三下\C程\Contactsinfo\Contactsinfo\Debug\CL.write.1.tlog
E:\大三下\C程\CONTACTSINFO\CONTACTSINFO\DEBUG\CONTACTINFO.OBJ
E:\大三下\C程\CONTACTSINFO\CONTACTSINFO\DEBUG\CONTACTSINFO.EXE.EMBED.MANIFEST
E:\大三下\C程\CONTACTSINFO\CONTACTSINFO\DEBUG\CONTACTSINFO.EXE.EMBED.MANIFEST.RES
E:\大三下\C程\CONTACTSINFO\CONTACTSINFO\DEBUG\CONTACTSINFO.EXE.INTERMEDIATE.MANIFEST
E:\大三下\C程\Contactsinfo\Contactsinfo\Debug\Contactsinfo_manifest.rc
E:\大三下\C程\Contactsinfo\Contactsinfo\Debug\link.5220.read.1.tlog
E:\大三下\C程\Contactsinfo\Contactsinfo\Debug\link.5220.write.1.tlog
E:\大三下\C程\Contactsinfo\Contactsinfo\Debug\link.5220-cvtres.read.1.tlog
E:\大三下\C程\Contactsinfo\Contactsinfo\Debug\link.5220-cvtres.write.1.tlog
E:\大三下\C程\Contactsinfo\Contactsinfo\Debug\link.5536.read.1.tlog
E:\大三下\C程\Contactsinfo\Contactsinfo\Debug\link.5536.write.1.tlog
E:\大三下\C程\Contactsinfo\Contactsinfo\Debug\link.5536-cvtres.read.1.tlog
E:\大三下\C程\Contactsinfo\Contactsinfo\Debug\link.5536-cvtres.write.1.tlog
E:\大三下\C程\Contactsinfo\Contactsinfo\Debug\link.6740.read.1.tlog
E:\大三下\C程\Contactsinfo\Contactsinfo\Debug\link.6740.write.1.tlog
E:\大三下\C程\Contactsinfo\Contactsinfo\Debug\link.6740-cvtres.read.1.tlog
E:\大三下\C程\Contactsinfo\Contactsinfo\Debug\link.6740-cvtres.write.1.tlog
E:\大三下\C程\Contactsinfo\Contactsinfo\Debug\link.7156.read.1.tlog
E:\大三下\C程\Contactsinfo\Contactsinfo\Debug\link.7156.write.1.tlog
E:\大三下\C程\Contactsinfo\Contactsinfo\Debug\link.7156-cvtres.read.1.tlog
E:\大三下\C程\Contactsinfo\Contactsinfo\Debug\link.7156-cvtres.write.1.tlog
E:\大三下\C程\Contactsinfo\Contactsinfo\Debug\link.7408.read.1.tlog
E:\大三下\C程\Contactsinfo\Contactsinfo\Debug\link.7408.write.1.tlog
E:\大三下\C程\Contactsinfo\Contactsinfo\Debug\link.7408-cvtres.read.1.tlog
E:\大三下\C程\Contactsinfo\Contactsinfo\Debug\link.7408-cvtres.write.1.tlog
E:\大三下\C程\Contactsinfo\Contactsinfo\Debug\link.command.1.tlog
E:\大三下\C程\Contactsinfo\Contactsinfo\Debug\link.read.1.tlog
E:\大三下\C程\Contactsinfo\Contactsinfo\Debug\link.write.1.tlog
E:\大三下\C程\Contactsinfo\Contactsinfo\Debug\link-cvtres.read.1.tlog
E:\大三下\C程\Contactsinfo\Contactsinfo\Debug\link-cvtres.write.1.tlog
E:\大三下\C程\Contactsinfo\Contactsinfo\Debug\mt.command.1.tlog
E:\大三下\C程\Contactsinfo\Contactsinfo\Debug\mt.read.1.tlog
E:\大三下\C程\Contactsinfo\Contactsinfo\Debug\mt.write.1.tlog
E:\大三下\C程\Contactsinfo\Contactsinfo\Debug\rc.command.1.tlog
E:\大三下\C程\Contactsinfo\Contactsinfo\Debug\rc.read.1.tlog
E:\大三下\C程\Contactsinfo\Contactsinfo\Debug\rc.write.1.tlog
E:\大三下\C程\Contactsinfo\Contactsinfo\Debug\vc100.idb
E:\大三下\C程\CONTACTSINFO\CONTACTSINFO\DEBUG\VC100.PDB
E:\大三下\C程\CONTACTSINFO\DEBUG\CONTACTSINFO.EXE
E:\大三下\C程\CONTACTSINFO\DEBUG\CONTACTSINFO.ILK
E:\大三下\C程\CONTACTSINFO\DEBUG\CONTACTSINFO.PDB
